Using pre-set license
Built from '2021.1/staging' branch; Version is '2021.1.5f1 (3737af19df53) revision 3618735'; Using compiler version '192528614'; Build Type 'Release'
OS: 'Windows 10 Pro; OS build 22000.376; Version 2009; 64bit' Language: 'ru' Physical Memory: 16313 MB
BatchMode: 1, IsHumanControllingUs: 0, StartBugReporterOnCrash: 0, Is64bit: 1, IsPro: 0

 COMMAND LINE ARGUMENTS:
D:\Unity\2021.1.5f1\Editor\Unity.exe
-adb2
-batchMode
-noUpm
-name
AssetImportWorker0
-projectPath
D:/Documents/InnoKids
-logFile
Logs/AssetImportWorker0.log
-srvPort
62453
Successfully changed project path to: D:/Documents/InnoKids
D:/Documents/InnoKids
Using Asset Import Pipeline V2.
Refreshing native plugins compatible for Editor in 90.48 ms, found 4 plugins.
Preloading 2 native plugins for Editor in 2.22 ms.
Initialize engine version: 2021.1.5f1 (3737af19df53)
[Subsystems] Discovering subsystems at path D:/Unity/2021.1.5f1/Editor/Data/Resources/UnitySubsystems
[Subsystems] Discovering subsystems at path D:/Documents/InnoKids/Assets
GfxDevice: creating device client; threaded=0; jobified=0
Direct3D:
    Version:  Direct3D 11.0 [level 11.1]
    Renderer: NVIDIA GeForce RTX 3070 (ID=0x2484)
    Vendor:   NVIDIA
    VRAM:     8043 MB
    Driver:   30.0.14.9729
Initialize mono
Mono path[0] = 'D:/Unity/2021.1.5f1/Editor/Data/Managed'
Mono path[1] = 'D:/Unity/2021.1.5f1/Editor/Data/MonoBleedingEdge/lib/mono/unityjit'
Mono config path = 'D:/Unity/2021.1.5f1/Editor/Data/MonoBleedingEdge/etc'
Using monoOptions --debugger-agent=transport=dt_socket,embedding=1,server=y,suspend=n,address=127.0.0.1:56208
Begin MonoManager ReloadAssembly
Registering precompiled unity dll's ...
Register platform support module: D:/Unity/2021.1.5f1/Editor/Data/PlaybackEngines/WindowsStandaloneSupport/UnityEditor.WindowsStandalone.Extensions.dll
Registered in 0.000752 seconds.
Native extension for WindowsStandalone target not found
Refreshing native plugins compatible for Editor in 86.74 ms, found 4 plugins.
Preloading 2 native plugins for Editor in 0.05 ms.
Mono: successfully reloaded assembly
- Completed reload, in  1.622 seconds
Platform modules already initialized, skipping
Registering precompiled user dll's ...
Registered in 0.006276 seconds.
Begin MonoManager ReloadAssembly
Native extension for WindowsStandalone target not found
Refreshing native plugins compatible for Editor in 0.80 ms, found 4 plugins.
Preloading 2 native plugins for Editor in 0.06 ms.
System.NullReferenceException: Object reference not set to an instance of an object
  at Vuforia.EditorClasses.ExtensionTypeProvider.GetVuforiaPackageAbsPath () [0x0004a] in <67f168408fbf4fce9c04342c093e9fe7>:0 
  at Vuforia.EditorClasses.ExtensionTypeProvider.IsPackageManager () [0x00000] in <67f168408fbf4fce9c04342c093e9fe7>:0 
  at Vuforia.EditorClasses.ExtensionTypeProvider.ResolvePluginType () [0x00009] in <67f168408fbf4fce9c04342c093e9fe7>:0 
  at Vuforia.EditorClasses.ExtensionTypeProvider.GetPluginType () [0x0000c] in <67f168408fbf4fce9c04342c093e9fe7>:0 
  at Vuforia.EditorClasses.VuforiaUtilities.IsVuforiaEnabledInPlayerSettings () [0x00000] in <67f168408fbf4fce9c04342c093e9fe7>:0 
  at VuforiaEnabledObserver..cctor () [0x00000] in <67f168408fbf4fce9c04342c093e9fe7>:0 
UnityEngine.StackTraceUtility:ExtractStackTrace ()
UnityEngine.DebugLogHandler:LogFormat (UnityEngine.LogType,UnityEngine.Object,string,object[])
UnityEngine.Logger:Log (UnityEngine.LogType,object)
UnityEngine.Debug:LogError (object)
UnityEditor.EditorAssemblies:ProcessInitializeOnLoadAttributes (System.Type[])

System.NullReferenceException: Object reference not set to an instance of an object
  at Vuforia.EditorClasses.ExtensionTypeProvider.GetVuforiaPackageAbsPath () [0x0004a] in <67f168408fbf4fce9c04342c093e9fe7>:0 
  at Vuforia.EditorClasses.ExtensionTypeProvider.IsPackageManager () [0x00000] in <67f168408fbf4fce9c04342c093e9fe7>:0 
  at Vuforia.EditorClasses.ExtensionTypeProvider.ResolvePluginType () [0x00009] in <67f168408fbf4fce9c04342c093e9fe7>:0 
  at Vuforia.EditorClasses.ExtensionTypeProvider.GetPluginType () [0x0000c] in <67f168408fbf4fce9c04342c093e9fe7>:0 
  at Vuforia.EditorClasses.VuforiaUtilities.IsVuforiaEnabledInPlayerSettings () [0x00000] in <67f168408fbf4fce9c04342c093e9fe7>:0 
  at Vuforia.EditorClasses.InitializeOnLoadVuforiaTaskRunner..cctor () [0x00015] in <67f168408fbf4fce9c04342c093e9fe7>:0 
UnityEngine.StackTraceUtility:ExtractStackTrace ()
UnityEngine.DebugLogHandler:LogFormat (UnityEngine.LogType,UnityEngine.Object,string,object[])
UnityEngine.Logger:Log (UnityEngine.LogType,object)
UnityEngine.Debug:LogError (object)
UnityEditor.EditorAssemblies:ProcessInitializeOnLoadAttributes (System.Type[])

Mono: successfully reloaded assembly
- Completed reload, in  0.912 seconds
Platform modules already initialized, skipping
========================================================================
Worker process is ready to serve import requests
Launched and connected shader compiler UnityShaderCompiler.exe after 0.04 seconds
Refreshing native plugins compatible for Editor in 0.69 ms, found 4 plugins.
Preloading 2 native plugins for Editor in 0.05 ms.
Unloading 2814 Unused Serialized files (Serialized files now loaded: 0)
System memory in use before: 108.7 MB.
System memory in use after: 108.8 MB.

Unloading 46 unused Assets to reduce memory usage. Loaded Objects now: 3529.
Total: 1.850800 ms (FindLiveObjects: 0.219000 ms CreateObjectMapping: 0.125600 ms MarkObjects: 1.441600 ms  DeleteObjects: 0.063900 ms)

========================================================================
Received Import Request.
  path: Assets/Prefab/Insects/Kapalak qurti-ipak qurti.prefab
  artifactKey: Guid(2894b01071692d74d9585166cd2c8ab6) Importer(815301076,1909f56bfc062723c751e8b465ee728b)
Start importing Assets/Prefab/Insects/Kapalak qurti-ipak qurti.prefab using Guid(2894b01071692d74d9585166cd2c8ab6) Importer(815301076,1909f56bfc062723c751e8b465ee728b)  -> (artifact id: '0f692db49c367a9f7ac4f4382838e391') in 0.264830 seconds 
========================================================================
Received Import Request.
  Time since last request: 93.245818 seconds.
  path: Assets/Prefab/Insects/Qo'ng'iz.prefab
  artifactKey: Guid(798f1409a8f5d1d43bdd92a316e22086) Importer(815301076,1909f56bfc062723c751e8b465ee728b)
Start importing Assets/Prefab/Insects/Qo'ng'iz.prefab using Guid(798f1409a8f5d1d43bdd92a316e22086) Importer(815301076,1909f56bfc062723c751e8b465ee728b)  -> (artifact id: '6044a0443270a417b01d4d970ee8c35e') in 0.025052 seconds 
========================================================================
Received Import Request.
  Time since last request: 1136.446148 seconds.
  path: Assets/Prefab/Clothes/Sport kiyimi.prefab
  artifactKey: Guid(b040a70557d48ca46b187619925bfd69) Importer(815301076,1909f56bfc062723c751e8b465ee728b)
Start importing Assets/Prefab/Clothes/Sport kiyimi.prefab using Guid(b040a70557d48ca46b187619925bfd69) Importer(815301076,1909f56bfc062723c751e8b465ee728b)  -> (artifact id: '58c2418eee820e79a7804d9c1ffd8304') in 0.116319 seconds 
========================================================================
Received Import Request.
  Time since last request: 1.000147 seconds.
  path: Assets/Prefab/Clothes/Xalat.prefab
  artifactKey: Guid(1ac67750adc4d37499327ceb7cd01aa3) Importer(815301076,1909f56bfc062723c751e8b465ee728b)
Start importing Assets/Prefab/Clothes/Xalat.prefab using Guid(1ac67750adc4d37499327ceb7cd01aa3) Importer(815301076,1909f56bfc062723c751e8b465ee728b)  -> (artifact id: 'b0fe740762c3f3f6e6e359d8599c8a28') in 0.088274 seconds 
========================================================================
Received Import Request.
  Time since last request: 1.235722 seconds.
  path: Assets/Prefab/Clothes/Ayollar ko'ylagi.prefab
  artifactKey: Guid(00112b711c395174097f457ad5c1acf1) Importer(815301076,1909f56bfc062723c751e8b465ee728b)
Start importing Assets/Prefab/Clothes/Ayollar ko'ylagi.prefab using Guid(00112b711c395174097f457ad5c1acf1) Importer(815301076,1909f56bfc062723c751e8b465ee728b)  -> (artifact id: 'f91eae70bf5589eddcb91c17a839cd71') in 0.108370 seconds 
========================================================================
Received Import Request.
  Time since last request: 0.532698 seconds.
  path: Assets/Prefab/Clothes/Bosh kiyimi.prefab
  artifactKey: Guid(c63ce3376187f124d83c5225de88e32d) Importer(815301076,1909f56bfc062723c751e8b465ee728b)
Start importing Assets/Prefab/Clothes/Bosh kiyimi.prefab using Guid(c63ce3376187f124d83c5225de88e32d) Importer(815301076,1909f56bfc062723c751e8b465ee728b)  -> (artifact id: 'df79316e8e1caba56ac7c64e4bcc96ab') in 0.100432 seconds 
========================================================================
Received Import Request.
  Time since last request: 0.542133 seconds.
  path: Assets/Prefab/Clothes/Erkaklar ko'ylagi.prefab
  artifactKey: Guid(0bc031d0e15e01d478604a50ca877dd2) Importer(815301076,1909f56bfc062723c751e8b465ee728b)
Start importing Assets/Prefab/Clothes/Erkaklar ko'ylagi.prefab using Guid(0bc031d0e15e01d478604a50ca877dd2) Importer(815301076,1909f56bfc062723c751e8b465ee728b)  -> (artifact id: '9df5b46ba1bbd429b013c54902f782c0') in 0.012549 seconds 
========================================================================
Received Import Request.
  Time since last request: 0.622784 seconds.
  path: Assets/Prefab/Clothes/Futbolka.prefab
  artifactKey: Guid(4632a69ad87973942a329b30bbacfa3c) Importer(815301076,1909f56bfc062723c751e8b465ee728b)
Start importing Assets/Prefab/Clothes/Futbolka.prefab using Guid(4632a69ad87973942a329b30bbacfa3c) Importer(815301076,1909f56bfc062723c751e8b465ee728b)  -> (artifact id: '863db9d6049a23a7df9d90363de89e90') in 0.281047 seconds 
========================================================================
Received Import Request.
  Time since last request: 0.986257 seconds.
  path: Assets/Prefab/Clothes/Kalish.prefab
  artifactKey: Guid(60af0cef8c53fd04e93a32c383537432) Importer(815301076,1909f56bfc062723c751e8b465ee728b)
Start importing Assets/Prefab/Clothes/Kalish.prefab using Guid(60af0cef8c53fd04e93a32c383537432) Importer(815301076,1909f56bfc062723c751e8b465ee728b)  -> (artifact id: '3ab6bc2ecd10fd9b25ac196bf2f1e882') in 0.127460 seconds 
========================================================================
Received Import Request.
  Time since last request: 0.992278 seconds.
  path: Assets/Prefab/Clothes/Kalta shim.prefab
  artifactKey: Guid(7d8d01d1376c3a54f84915b45d124b78) Importer(815301076,1909f56bfc062723c751e8b465ee728b)
Start importing Assets/Prefab/Clothes/Kalta shim.prefab using Guid(7d8d01d1376c3a54f84915b45d124b78) Importer(815301076,1909f56bfc062723c751e8b465ee728b)  -> (artifact id: '8fd459d3632e0a908e09111e69175ca7') in 0.024582 seconds 
========================================================================
Received Import Request.
  Time since last request: 1.349567 seconds.
  path: Assets/Prefab/Clothes/Ko'ylak.prefab
  artifactKey: Guid(7d68e9102f683aa4b819c349caad6ca3) Importer(815301076,1909f56bfc062723c751e8b465ee728b)
Start importing Assets/Prefab/Clothes/Ko'ylak.prefab using Guid(7d68e9102f683aa4b819c349caad6ca3) Importer(815301076,1909f56bfc062723c751e8b465ee728b)  -> (artifact id: '15d6d3591351dafb89d2f5d71d1d9e22') in 0.287962 seconds 
========================================================================
Received Import Request.
  Time since last request: 0.843675 seconds.
  path: Assets/Prefab/Clothes/Krossovka.prefab
  artifactKey: Guid(04cb36d95432bb344b3610afd95817eb) Importer(815301076,1909f56bfc062723c751e8b465ee728b)
Start importing Assets/Prefab/Clothes/Krossovka.prefab using Guid(04cb36d95432bb344b3610afd95817eb) Importer(815301076,1909f56bfc062723c751e8b465ee728b)  -> (artifact id: '203aade37fe7673d4da4b861ebb41498') in 0.069575 seconds 
========================================================================
Received Import Request.
  Time since last request: 0.612782 seconds.
  path: Assets/Prefab/Clothes/Kurtka.prefab
  artifactKey: Guid(44e96b4829e34a84eb37a15ee662cf32) Importer(815301076,1909f56bfc062723c751e8b465ee728b)
Start importing Assets/Prefab/Clothes/Kurtka.prefab using Guid(44e96b4829e34a84eb37a15ee662cf32) Importer(815301076,1909f56bfc062723c751e8b465ee728b)  -> (artifact id: '1fc0bf612fc9b296ebb4895849386e18') in 0.108664 seconds 
========================================================================
Received Import Request.
  Time since last request: 1.504734 seconds.
  path: Assets/Prefab/Clothes/Pijama.prefab
  artifactKey: Guid(9090a2dedccf9b4459f823ee404846a4) Importer(815301076,1909f56bfc062723c751e8b465ee728b)
Start importing Assets/Prefab/Clothes/Pijama.prefab using Guid(9090a2dedccf9b4459f823ee404846a4) Importer(815301076,1909f56bfc062723c751e8b465ee728b)  -> (artifact id: '0025fa61858dc4bdc33d78b2573736cd') in 0.100868 seconds 
========================================================================
Received Import Request.
  Time since last request: 0.528806 seconds.
  path: Assets/Prefab/Clothes/Qalpoq.prefab
  artifactKey: Guid(a5d3209fc29ae54478e4c5ed6e23c16c) Importer(815301076,1909f56bfc062723c751e8b465ee728b)
Start importing Assets/Prefab/Clothes/Qalpoq.prefab using Guid(a5d3209fc29ae54478e4c5ed6e23c16c) Importer(815301076,1909f56bfc062723c751e8b465ee728b)  -> (artifact id: '45cf08dcb179cf279710051a55cd7e73') in 0.098659 seconds 
========================================================================
Received Import Request.
  Time since last request: 2.570615 seconds.
  path: Assets/Prefab/Clothes/Yubka.prefab
  artifactKey: Guid(29458e3ea6935e840ac0b3d8558c4392) Importer(815301076,1909f56bfc062723c751e8b465ee728b)
Start importing Assets/Prefab/Clothes/Yubka.prefab using Guid(29458e3ea6935e840ac0b3d8558c4392) Importer(815301076,1909f56bfc062723c751e8b465ee728b)  -> (artifact id: '2363cb425d654e07e5dfc1caeae0f065') in 0.140771 seconds 
========================================================================
Received Import Request.
  Time since last request: 0.452922 seconds.
  path: Assets/Prefab/Clothes/сапоги.prefab
  artifactKey: Guid(576096baab97ec84288327d518101888) Importer(815301076,1909f56bfc062723c751e8b465ee728b)
Start importing Assets/Prefab/Clothes/сапоги.prefab using Guid(576096baab97ec84288327d518101888) Importer(815301076,1909f56bfc062723c751e8b465ee728b)  -> (artifact id: '09d5e8139e0acd00beaf7de6ba9d48db') in 0.042813 seconds 
========================================================================
Received Import Request.
  Time since last request: 0.483729 seconds.
  path: Assets/Prefab/Clothes/тапочки.prefab
  artifactKey: Guid(bad90f583dc644049bfc3c9edab8fac2) Importer(815301076,1909f56bfc062723c751e8b465ee728b)
Start importing Assets/Prefab/Clothes/тапочки.prefab using Guid(bad90f583dc644049bfc3c9edab8fac2) Importer(815301076,1909f56bfc062723c751e8b465ee728b)  -> (artifact id: 'b76bde022cbd386d350c8ecf8ce39a92') in 0.044497 seconds 
========================================================================
Received Import Request.
  Time since last request: 15.830086 seconds.
  path: Assets/Models/Clothes/Yubka.fbx
  artifactKey: Guid(d1212379ee4dc404a8348021d7a34db6) Importer(815301076,1909f56bfc062723c751e8b465ee728b)
Start importing Assets/Models/Clothes/Yubka.fbx using Guid(d1212379ee4dc404a8348021d7a34db6) Importer(815301076,1909f56bfc062723c751e8b465ee728b)  -> (artifact id: '4e6b055e2f7b9e35c21d3f100a22a9fb') in 0.311646 seconds 
========================================================================
Received Import Request.
  Time since last request: 23.493774 seconds.
  path: Assets/Prefab/Fruits/Banan.prefab
  artifactKey: Guid(b5439a45c44f22d4ea7c877c2cad1f9d) Importer(815301076,1909f56bfc062723c751e8b465ee728b)
Start importing Assets/Prefab/Fruits/Banan.prefab using Guid(b5439a45c44f22d4ea7c877c2cad1f9d) Importer(815301076,1909f56bfc062723c751e8b465ee728b)  -> (artifact id: '67d4b921a5620d6c7b168055c335931b') in 0.227130 seconds 
========================================================================
Received Import Request.
  Time since last request: 96.254017 seconds.
  path: Assets/Prefab/Clothes/Futbolka 1.prefab
  artifactKey: Guid(88121e69e3d940840afd74bf8255c757) Importer(815301076,1909f56bfc062723c751e8b465ee728b)
Start importing Assets/Prefab/Clothes/Futbolka 1.prefab using Guid(88121e69e3d940840afd74bf8255c757) Importer(815301076,1909f56bfc062723c751e8b465ee728b)  -> (artifact id: '088d4a877729379b3c68a9b0d67a30e3') in 0.149435 seconds 
========================================================================
Received Import Request.
  Time since last request: 3346.947849 seconds.
  path: Assets/Prefab/Flowers/Momaqaymoq.prefab
  artifactKey: Guid(623a448504d7b6046b62a75113e17f0b) Importer(815301076,1909f56bfc062723c751e8b465ee728b)
Start importing Assets/Prefab/Flowers/Momaqaymoq.prefab using Guid(623a448504d7b6046b62a75113e17f0b) Importer(815301076,1909f56bfc062723c751e8b465ee728b)  -> (artifact id: 'e0603fcc2e7a66f51ba98172a0cc89b7') in 0.046084 seconds 
========================================================================
Received Import Request.
  Time since last request: 2263.426279 seconds.
  path: Assets/Models/Appliances/Chang yutgich.fbx
  artifactKey: Guid(4a3a251ff1f21ed439bcb90fab1b2d0f) Importer(815301076,1909f56bfc062723c751e8b465ee728b)
Start importing Assets/Models/Appliances/Chang yutgich.fbx using Guid(4a3a251ff1f21ed439bcb90fab1b2d0f) Importer(815301076,1909f56bfc062723c751e8b465ee728b)  -> (artifact id: 'c0a8418fcaebc20d36748f176898320e') in 0.176723 seconds 
========================================================================
Received Import Request.
  Time since last request: 7.488302 seconds.
  path: Assets/Models/Appliances/Textures
  artifactKey: Guid(9216a45ba4a0c2d44b982221cebda2fa) Importer(815301076,1909f56bfc062723c751e8b465ee728b)
Start importing Assets/Models/Appliances/Textures using Guid(9216a45ba4a0c2d44b982221cebda2fa) Importer(815301076,1909f56bfc062723c751e8b465ee728b)  -> (artifact id: '2e0e0c5905c1cdd1b71a3453cd2f4382') in 0.035959 seconds 
========================================================================
Received Import Request.
  Time since last request: 9.149605 seconds.
  path: Assets/Models/Appliances/Materials
  artifactKey: Guid(b16d0b01b6d194745805bd8460fc4541) Importer(815301076,1909f56bfc062723c751e8b465ee728b)
Start importing Assets/Models/Appliances/Materials using Guid(b16d0b01b6d194745805bd8460fc4541) Importer(815301076,1909f56bfc062723c751e8b465ee728b)  -> (artifact id: 'c7b4b183d3ba6e34020386a3294c6f9f') in 0.024754 seconds 
========================================================================
Received Import Request.
  Time since last request: 10.100612 seconds.
  path: Assets/Models/Appliances/Chang yutgich.fbx
  artifactKey: Guid(4a3a251ff1f21ed439bcb90fab1b2d0f) Importer(815301076,1909f56bfc062723c751e8b465ee728b)
Start importing Assets/Models/Appliances/Chang yutgich.fbx using Guid(4a3a251ff1f21ed439bcb90fab1b2d0f) Importer(815301076,1909f56bfc062723c751e8b465ee728b)  -> (artifact id: '3b3e5a25859d124a9c2eb98bc59b2070') in 0.442007 seconds 
========================================================================
Received Import Request.
  Time since last request: 3.553575 seconds.
  path: Assets/Models/Appliances/Chang yutgich.fbx
  artifactKey: Guid(4a3a251ff1f21ed439bcb90fab1b2d0f) Importer(815301076,1909f56bfc062723c751e8b465ee728b)
Start importing Assets/Models/Appliances/Chang yutgich.fbx using Guid(4a3a251ff1f21ed439bcb90fab1b2d0f) Importer(815301076,1909f56bfc062723c751e8b465ee728b)  -> (artifact id: '2038d8b3555982698c883fba730468b5') in 0.315227 seconds 
========================================================================
Received Import Request.
  Time since last request: 0.637472 seconds.
  path: Assets/Models/Appliances/Dazmol.fbx
  artifactKey: Guid(e97d09630a71c6c478c5dc17e3e73175) Importer(815301076,1909f56bfc062723c751e8b465ee728b)
Start importing Assets/Models/Appliances/Dazmol.fbx using Guid(e97d09630a71c6c478c5dc17e3e73175) Importer(815301076,1909f56bfc062723c751e8b465ee728b)  -> (artifact id: 'f9fdc3eb524d7485eed94faf29f66051') in 0.109791 seconds 
========================================================================
Received Import Request.
  Time since last request: 4.004942 seconds.
  path: Assets/Models/Appliances/Dazmol.fbx
  artifactKey: Guid(e97d09630a71c6c478c5dc17e3e73175) Importer(815301076,1909f56bfc062723c751e8b465ee728b)
Start importing Assets/Models/Appliances/Dazmol.fbx using Guid(e97d09630a71c6c478c5dc17e3e73175) Importer(815301076,1909f56bfc062723c751e8b465ee728b)  -> (artifact id: '943d73e6b8f9adda094def58095e6863') in 0.052145 seconds 
========================================================================
Received Import Request.
  Time since last request: 3.190257 seconds.
  path: Assets/Models/Appliances/Dazmol.fbx
  artifactKey: Guid(e97d09630a71c6c478c5dc17e3e73175) Importer(815301076,1909f56bfc062723c751e8b465ee728b)
Start importing Assets/Models/Appliances/Dazmol.fbx using Guid(e97d09630a71c6c478c5dc17e3e73175) Importer(815301076,1909f56bfc062723c751e8b465ee728b)  -> (artifact id: 'f52f52b1fe440feb6d7475f427be5061') in 0.050741 seconds 
========================================================================
Received Import Request.
  Time since last request: 1.001887 seconds.
  path: Assets/Models/Appliances/Kir yuvadigan mashina.fbx
  artifactKey: Guid(01df6d1cda90da44c892d35478ef704b) Importer(815301076,1909f56bfc062723c751e8b465ee728b)
Start importing Assets/Models/Appliances/Kir yuvadigan mashina.fbx using Guid(01df6d1cda90da44c892d35478ef704b) Importer(815301076,1909f56bfc062723c751e8b465ee728b)  -> (artifact id: 'e0950a83fdae7689050a9ea8bb6e429f') in 0.272180 seconds 
========================================================================
Received Import Request.
  Time since last request: 7.830790 seconds.
  path: Assets/Models/Appliances/Kir yuvadigan mashina.fbx
  artifactKey: Guid(01df6d1cda90da44c892d35478ef704b) Importer(815301076,1909f56bfc062723c751e8b465ee728b)
Start importing Assets/Models/Appliances/Kir yuvadigan mashina.fbx using Guid(01df6d1cda90da44c892d35478ef704b) Importer(815301076,1909f56bfc062723c751e8b465ee728b)  -> (artifact id: '58bc4df76a997a1aacfd43a74f2f3682') in 0.227531 seconds 
========================================================================
Received Import Request.
  Time since last request: 1.235946 seconds.
  path: Assets/Models/Appliances/Kompyuter.fbx
  artifactKey: Guid(12538ece3cc27134f801e8c97e350198) Importer(815301076,1909f56bfc062723c751e8b465ee728b)
Start importing Assets/Models/Appliances/Kompyuter.fbx using Guid(12538ece3cc27134f801e8c97e350198) Importer(815301076,1909f56bfc062723c751e8b465ee728b)  -> (artifact id: '96f28ef7b59fe769f2c301d706e29d6e') in 0.254230 seconds 
========================================================================
Received Import Request.
  Time since last request: 3.703441 seconds.
  path: Assets/Models/Appliances/Kompyuter.fbx
  artifactKey: Guid(12538ece3cc27134f801e8c97e350198) Importer(815301076,1909f56bfc062723c751e8b465ee728b)
Start importing Assets/Models/Appliances/Kompyuter.fbx using Guid(12538ece3cc27134f801e8c97e350198) Importer(815301076,1909f56bfc062723c751e8b465ee728b)  -> (artifact id: '7dc3b1e229c46bd3577a7f4c8d8a7bd5') in 0.273740 seconds 
========================================================================
Received Import Request.
  Time since last request: 3.273994 seconds.
  path: Assets/Models/Appliances/Mikro to'lqinli pech.fbx
  artifactKey: Guid(37a2cca543a91e84e9ccb649442c6817) Importer(815301076,1909f56bfc062723c751e8b465ee728b)
Start importing Assets/Models/Appliances/Mikro to'lqinli pech.fbx using Guid(37a2cca543a91e84e9ccb649442c6817) Importer(815301076,1909f56bfc062723c751e8b465ee728b)  -> (artifact id: '5eb2d50da8e1ceb724381d1c0880cc32') in 0.028363 seconds 
========================================================================
Received Import Request.
  Time since last request: 8.859207 seconds.
  path: Assets/Models/Appliances/Mikro to'lqinli pech.fbx
  artifactKey: Guid(37a2cca543a91e84e9ccb649442c6817) Importer(815301076,1909f56bfc062723c751e8b465ee728b)
Start importing Assets/Models/Appliances/Mikro to'lqinli pech.fbx using Guid(37a2cca543a91e84e9ccb649442c6817) Importer(815301076,1909f56bfc062723c751e8b465ee728b)  -> (artifact id: '737ecce84743e61cadab572f0eee3eb2') in 0.071653 seconds 
========================================================================
Received Import Request.
  Time since last request: 2.526579 seconds.
  path: Assets/Models/Appliances/Mikro to'lqinli pech.fbx
  artifactKey: Guid(37a2cca543a91e84e9ccb649442c6817) Importer(815301076,1909f56bfc062723c751e8b465ee728b)
Start importing Assets/Models/Appliances/Mikro to'lqinli pech.fbx using Guid(37a2cca543a91e84e9ccb649442c6817) Importer(815301076,1909f56bfc062723c751e8b465ee728b)  -> (artifact id: 'ed1c2c72bb54d354b05eb5e4767e62fc') in 0.048547 seconds 
========================================================================
Received Import Request.
  Time since last request: 0.699782 seconds.
  path: Assets/Models/Appliances/Muzlatgich.fbx
  artifactKey: Guid(9653e401047759d40ab00fc5a6baca4a) Importer(815301076,1909f56bfc062723c751e8b465ee728b)
Start importing Assets/Models/Appliances/Muzlatgich.fbx using Guid(9653e401047759d40ab00fc5a6baca4a) Importer(815301076,1909f56bfc062723c751e8b465ee728b)  -> (artifact id: '9bc151141e324c8d86f3aae4f6f12900') in 0.015228 seconds 
========================================================================
Received Import Request.
  Time since last request: 7.011646 seconds.
  path: Assets/Models/Appliances/Muzlatgich.fbx
  artifactKey: Guid(9653e401047759d40ab00fc5a6baca4a) Importer(815301076,1909f56bfc062723c751e8b465ee728b)
Start importing Assets/Models/Appliances/Muzlatgich.fbx using Guid(9653e401047759d40ab00fc5a6baca4a) Importer(815301076,1909f56bfc062723c751e8b465ee728b)  -> (artifact id: '1b9464e939558b1cb684b3193e09c84a') in 0.052356 seconds 
========================================================================
Received Import Request.
  Time since last request: 2.337762 seconds.
  path: Assets/Models/Appliances/Muzlatgich.fbx
  artifactKey: Guid(9653e401047759d40ab00fc5a6baca4a) Importer(815301076,1909f56bfc062723c751e8b465ee728b)
Start importing Assets/Models/Appliances/Muzlatgich.fbx using Guid(9653e401047759d40ab00fc5a6baca4a) Importer(815301076,1909f56bfc062723c751e8b465ee728b)  -> (artifact id: '841d8524ea806b83695f7dcc0cd17085') in 0.048407 seconds 
========================================================================
Received Import Request.
  Time since last request: 2.537630 seconds.
  path: Assets/Models/Appliances/Televizor.fbx
  artifactKey: Guid(cf507a4dba554c04ab17d684608c599b) Importer(815301076,1909f56bfc062723c751e8b465ee728b)
Start importing Assets/Models/Appliances/Televizor.fbx using Guid(cf507a4dba554c04ab17d684608c599b) Importer(815301076,1909f56bfc062723c751e8b465ee728b)  -> (artifact id: '2a36ab013265ad48ed419dea37cadc54') in 0.060824 seconds 
========================================================================
Received Import Request.
  Time since last request: 5.853189 seconds.
  path: Assets/Models/Appliances/Televizor.fbx
  artifactKey: Guid(cf507a4dba554c04ab17d684608c599b) Importer(815301076,1909f56bfc062723c751e8b465ee728b)
Start importing Assets/Models/Appliances/Televizor.fbx using Guid(cf507a4dba554c04ab17d684608c599b) Importer(815301076,1909f56bfc062723c751e8b465ee728b)  -> (artifact id: '699220cd1b4e5440810f0920916229ae') in 0.060545 seconds 
========================================================================
Received Import Request.
  Time since last request: 2.880340 seconds.
  path: Assets/Models/Appliances/Televizor.fbx
  artifactKey: Guid(cf507a4dba554c04ab17d684608c599b) Importer(815301076,1909f56bfc062723c751e8b465ee728b)
Start importing Assets/Models/Appliances/Televizor.fbx using Guid(cf507a4dba554c04ab17d684608c599b) Importer(815301076,1909f56bfc062723c751e8b465ee728b)  -> (artifact id: '7fd3df6d630f552150e2d3e5d37d04f5') in 0.058985 seconds 
========================================================================
Received Import Request.
  Time since last request: 38.177827 seconds.
  path: Assets/Prefab/Appliances
  artifactKey: Guid(6ec05b666e7d37d418ceb0e63459ac84) Importer(815301076,1909f56bfc062723c751e8b465ee728b)
Start importing Assets/Prefab/Appliances using Guid(6ec05b666e7d37d418ceb0e63459ac84) Importer(815301076,1909f56bfc062723c751e8b465ee728b)  -> (artifact id: 'ff4793d5fdd9d0f17e8200280bc9056a') in 0.025278 seconds 
========================================================================
Received Import Request.
  Time since last request: 340.188862 seconds.
  path: Assets/Prefab/Appliances/Chang yutgich.prefab
  artifactKey: Guid(2c93c7018729a5c4f9508fa56ca619e2) Importer(815301076,1909f56bfc062723c751e8b465ee728b)
Start importing Assets/Prefab/Appliances/Chang yutgich.prefab using Guid(2c93c7018729a5c4f9508fa56ca619e2) Importer(815301076,1909f56bfc062723c751e8b465ee728b)  -> (artifact id: 'ddc592eb25dc2cf20f15de49ebff38e2') in 0.381979 seconds 
========================================================================
Received Import Request.
  Time since last request: 1.863020 seconds.
  path: Assets/Prefab/Appliances/Dazmol.prefab
  artifactKey: Guid(c74eb4472a45df040b07e48adb0a55d8) Importer(815301076,1909f56bfc062723c751e8b465ee728b)
Start importing Assets/Prefab/Appliances/Dazmol.prefab using Guid(c74eb4472a45df040b07e48adb0a55d8) Importer(815301076,1909f56bfc062723c751e8b465ee728b)  -> (artifact id: 'd28edbe66f6ce58af0378a1570a3b61b') in 0.071438 seconds 
========================================================================
Received Import Request.
  Time since last request: 2.059725 seconds.
  path: Assets/Prefab/Appliances/Kir yuvadigan mashina.prefab
  artifactKey: Guid(693f5427faeab4c43902bbcda73d35b0) Importer(815301076,1909f56bfc062723c751e8b465ee728b)
Start importing Assets/Prefab/Appliances/Kir yuvadigan mashina.prefab using Guid(693f5427faeab4c43902bbcda73d35b0) Importer(815301076,1909f56bfc062723c751e8b465ee728b)  -> (artifact id: 'a0c8302643deccfbf8d5116d5b73617e') in 0.184403 seconds 
========================================================================
Received Import Request.
  Time since last request: 4.220042 seconds.
  path: Assets/Prefab/Appliances/Kompyuter.prefab
  artifactKey: Guid(b9bb474e89b0f8a47bcc9823c0e16bdd) Importer(815301076,1909f56bfc062723c751e8b465ee728b)
Start importing Assets/Prefab/Appliances/Kompyuter.prefab using Guid(b9bb474e89b0f8a47bcc9823c0e16bdd) Importer(815301076,1909f56bfc062723c751e8b465ee728b)  -> (artifact id: 'f01502cfdf23ff78a132423f0bde92db') in 0.214435 seconds 
========================================================================
Received Import Request.
  Time since last request: 3.723991 seconds.
  path: Assets/Prefab/Appliances/Mikro to'lqinli pech.prefab
  artifactKey: Guid(2ce7a9ad9ac10d34bb0802744ac2ac89) Importer(815301076,1909f56bfc062723c751e8b465ee728b)
Start importing Assets/Prefab/Appliances/Mikro to'lqinli pech.prefab using Guid(2ce7a9ad9ac10d34bb0802744ac2ac89) Importer(815301076,1909f56bfc062723c751e8b465ee728b)  -> (artifact id: '752912194ff8e6438b5a9e4cbe410932') in 0.060249 seconds 
========================================================================
Received Import Request.
  Time since last request: 2.018723 seconds.
  path: Assets/Prefab/Appliances/Muzlatgich.prefab
  artifactKey: Guid(16081e2d3aee0634792e82f2efdfbd1e) Importer(815301076,1909f56bfc062723c751e8b465ee728b)
Start importing Assets/Prefab/Appliances/Muzlatgich.prefab using Guid(16081e2d3aee0634792e82f2efdfbd1e) Importer(815301076,1909f56bfc062723c751e8b465ee728b)  -> (artifact id: '81ffec5241038ce6e9bcf4d3d14cd5c6') in 0.054998 seconds 
========================================================================
Received Import Request.
  Time since last request: 2.269513 seconds.
  path: Assets/Prefab/Appliances/Televizor.prefab
  artifactKey: Guid(c4bba49e921862647b1164c9dfc19a5e) Importer(815301076,1909f56bfc062723c751e8b465ee728b)
Start importing Assets/Prefab/Appliances/Televizor.prefab using Guid(c4bba49e921862647b1164c9dfc19a5e) Importer(815301076,1909f56bfc062723c751e8b465ee728b)  -> (artifact id: '1acbba841eb3f9cb5b09889676e2cada') in 0.065848 seconds 
========================================================================
Received Import Request.
  Time since last request: 105.590685 seconds.
  path: Assets/Prefab/Appliances/Chang yutgich.prefab
  artifactKey: Guid(2c93c7018729a5c4f9508fa56ca619e2) Importer(815301076,1909f56bfc062723c751e8b465ee728b)
Start importing Assets/Prefab/Appliances/Chang yutgich.prefab using Guid(2c93c7018729a5c4f9508fa56ca619e2) Importer(815301076,1909f56bfc062723c751e8b465ee728b)  -> (artifact id: 'd236e65975ce893a1a94f7025c2bc0d3') in 0.266373 seconds 
========================================================================
Received Prepare
Refreshing native plugins compatible for Editor in 8.19 ms, found 4 plugins.
Preloading 2 native plugins for Editor in 0.05 ms.
Unloading 38 Unused Serialized files (Serialized files now loaded: 0)
System memory in use before: 57.5 MB.
System memory in use after: 57.7 MB.

Unloading 39 unused Assets to reduce memory usage. Loaded Objects now: 3572.
Total: 26.560200 ms (FindLiveObjects: 0.225200 ms CreateObjectMapping: 0.134500 ms MarkObjects: 26.143100 ms  DeleteObjects: 0.056100 ms)

========================================================================
Received Import Request.
  Time since last request: 398.481240 seconds.
  path: Assets/AssetBundles/2-Android
  artifactKey: Guid(98cf0291641e6cf4f8eefce2fc15a91f) Importer(815301076,1909f56bfc062723c751e8b465ee728b)
Start importing Assets/AssetBundles/2-Android using Guid(98cf0291641e6cf4f8eefce2fc15a91f) Importer(815301076,1909f56bfc062723c751e8b465ee728b)  -> (artifact id: '1d3591373921877443a0e30edb38cf26') in 0.019205 seconds 
========================================================================
Received Prepare
Registering precompiled user dll's ...
Registered in 0.007086 seconds.
Begin MonoManager ReloadAssembly
Native extension for WindowsStandalone target not found
Refreshing native plugins compatible for Editor in 0.86 ms, found 4 plugins.
Preloading 2 native plugins for Editor in 0.06 ms.
System.NullReferenceException: Object reference not set to an instance of an object
  at Vuforia.EditorClasses.ExtensionTypeProvider.GetVuforiaPackageAbsPath () [0x0004a] in <67f168408fbf4fce9c04342c093e9fe7>:0 
  at Vuforia.EditorClasses.ExtensionTypeProvider.IsPackageManager () [0x00000] in <67f168408fbf4fce9c04342c093e9fe7>:0 
  at Vuforia.EditorClasses.ExtensionTypeProvider.ResolvePluginType () [0x00009] in <67f168408fbf4fce9c04342c093e9fe7>:0 
  at Vuforia.EditorClasses.ExtensionTypeProvider.GetPluginType () [0x0000c] in <67f168408fbf4fce9c04342c093e9fe7>:0 
  at Vuforia.EditorClasses.VuforiaUtilities.IsVuforiaEnabledInPlayerSettings () [0x00000] in <67f168408fbf4fce9c04342c093e9fe7>:0 
  at VuforiaEnabledObserver..cctor () [0x00000] in <67f168408fbf4fce9c04342c093e9fe7>:0 
UnityEngine.StackTraceUtility:ExtractStackTrace ()
UnityEngine.DebugLogHandler:LogFormat (UnityEngine.LogType,UnityEngine.Object,string,object[])
UnityEngine.Logger:Log (UnityEngine.LogType,object)
UnityEngine.Debug:LogError (object)
UnityEditor.EditorAssemblies:ProcessInitializeOnLoadAttributes (System.Type[])

System.NullReferenceException: Object reference not set to an instance of an object
  at Vuforia.EditorClasses.ExtensionTypeProvider.GetVuforiaPackageAbsPath () [0x0004a] in <67f168408fbf4fce9c04342c093e9fe7>:0 
  at Vuforia.EditorClasses.ExtensionTypeProvider.IsPackageManager () [0x00000] in <67f168408fbf4fce9c04342c093e9fe7>:0 
  at Vuforia.EditorClasses.ExtensionTypeProvider.ResolvePluginType () [0x00009] in <67f168408fbf4fce9c04342c093e9fe7>:0 
  at Vuforia.EditorClasses.ExtensionTypeProvider.GetPluginType () [0x0000c] in <67f168408fbf4fce9c04342c093e9fe7>:0 
  at Vuforia.EditorClasses.VuforiaUtilities.IsVuforiaEnabledInPlayerSettings () [0x00000] in <67f168408fbf4fce9c04342c093e9fe7>:0 
  at Vuforia.EditorClasses.InitializeOnLoadVuforiaTaskRunner..cctor () [0x00015] in <67f168408fbf4fce9c04342c093e9fe7>:0 
UnityEngine.StackTraceUtility:ExtractStackTrace ()
UnityEngine.DebugLogHandler:LogFormat (UnityEngine.LogType,UnityEngine.Object,string,object[])
UnityEngine.Logger:Log (UnityEngine.LogType,object)
UnityEngine.Debug:LogError (object)
UnityEditor.EditorAssemblies:ProcessInitializeOnLoadAttributes (System.Type[])

Mono: successfully reloaded assembly
- Completed reload, in  1.111 seconds
Platform modules already initialized, skipping
Switching build target platform(19) subTarget(0) extendedPlatform(0) -> platform(13) subTarget(537395200) extendedPlatform(0)
Refreshing native plugins compatible for Editor in 0.97 ms, found 4 plugins.
Preloading 2 native plugins for Editor in 0.05 ms.
Unloading 2798 Unused Serialized files (Serialized files now loaded: 0)
System memory in use before: 111.5 MB.
System memory in use after: 111.7 MB.

Unloading 41 unused Assets to reduce memory usage. Loaded Objects now: 3575.
Total: 2.978400 ms (FindLiveObjects: 0.293400 ms CreateObjectMapping: 0.130300 ms MarkObjects: 2.394300 ms  DeleteObjects: 0.159300 ms)

AssetImportParameters requested are different than current active one (requested -> active):
  custom:graphics/normal-map-encoding: 01000000000000000000000000000000 -> 02000000000000000000000000000000
========================================================================
Received Import Request.
  Time since last request: 1199.505614 seconds.
  path: Assets/Prefab/Appliances/Kir yuvadigan mashina.prefab
  artifactKey: Guid(693f5427faeab4c43902bbcda73d35b0) Importer(815301076,1909f56bfc062723c751e8b465ee728b)
Start importing Assets/Prefab/Appliances/Kir yuvadigan mashina.prefab using Guid(693f5427faeab4c43902bbcda73d35b0) Importer(815301076,1909f56bfc062723c751e8b465ee728b)  -> (artifact id: 'f44d7c18fd9ec6c5b1dc722aed124769') in 0.341163 seconds 
========================================================================
Received Prepare
Registering precompiled user dll's ...
Registered in 0.005938 seconds.
Begin MonoManager ReloadAssembly
Native extension for WindowsStandalone target not found
Refreshing native plugins compatible for Editor in 0.86 ms, found 4 plugins.
Preloading 2 native plugins for Editor in 0.06 ms.
System.NullReferenceException: Object reference not set to an instance of an object
  at Vuforia.EditorClasses.ExtensionTypeProvider.GetVuforiaPackageAbsPath () [0x0004a] in <67f168408fbf4fce9c04342c093e9fe7>:0 
  at Vuforia.EditorClasses.ExtensionTypeProvider.IsPackageManager () [0x00000] in <67f168408fbf4fce9c04342c093e9fe7>:0 
  at Vuforia.EditorClasses.ExtensionTypeProvider.ResolvePluginType () [0x00009] in <67f168408fbf4fce9c04342c093e9fe7>:0 
  at Vuforia.EditorClasses.ExtensionTypeProvider.GetPluginType () [0x0000c] in <67f168408fbf4fce9c04342c093e9fe7>:0 
  at Vuforia.EditorClasses.VuforiaUtilities.IsVuforiaEnabledInPlayerSettings () [0x00000] in <67f168408fbf4fce9c04342c093e9fe7>:0 
  at VuforiaEnabledObserver..cctor () [0x00000] in <67f168408fbf4fce9c04342c093e9fe7>:0 
UnityEngine.StackTraceUtility:ExtractStackTrace ()
UnityEngine.DebugLogHandler:LogFormat (UnityEngine.LogType,UnityEngine.Object,string,object[])
UnityEngine.Logger:Log (UnityEngine.LogType,object)
UnityEngine.Debug:LogError (object)
UnityEditor.EditorAssemblies:ProcessInitializeOnLoadAttributes (System.Type[])

System.NullReferenceException: Object reference not set to an instance of an object
  at Vuforia.EditorClasses.ExtensionTypeProvider.GetVuforiaPackageAbsPath () [0x0004a] in <67f168408fbf4fce9c04342c093e9fe7>:0 
  at Vuforia.EditorClasses.ExtensionTypeProvider.IsPackageManager () [0x00000] in <67f168408fbf4fce9c04342c093e9fe7>:0 
  at Vuforia.EditorClasses.ExtensionTypeProvider.ResolvePluginType () [0x00009] in <67f168408fbf4fce9c04342c093e9fe7>:0 
  at Vuforia.EditorClasses.ExtensionTypeProvider.GetPluginType () [0x0000c] in <67f168408fbf4fce9c04342c093e9fe7>:0 
  at Vuforia.EditorClasses.VuforiaUtilities.IsVuforiaEnabledInPlayerSettings () [0x00000] in <67f168408fbf4fce9c04342c093e9fe7>:0 
  at Vuforia.EditorClasses.InitializeOnLoadVuforiaTaskRunner..cctor () [0x00015] in <67f168408fbf4fce9c04342c093e9fe7>:0 
UnityEngine.StackTraceUtility:ExtractStackTrace ()
UnityEngine.DebugLogHandler:LogFormat (UnityEngine.LogType,UnityEngine.Object,string,object[])
UnityEngine.Logger:Log (UnityEngine.LogType,object)
UnityEngine.Debug:LogError (object)
UnityEditor.EditorAssemblies:ProcessInitializeOnLoadAttributes (System.Type[])

Mono: successfully reloaded assembly
- Completed reload, in  1.071 seconds
Platform modules already initialized, skipping
Switching build target platform(19) subTarget(0) extendedPlatform(0) -> platform(13) subTarget(537395200) extendedPlatform(0)
Refreshing native plugins compatible for Editor in 0.82 ms, found 4 plugins.
Preloading 2 native plugins for Editor in 0.05 ms.
Unloading 2798 Unused Serialized files (Serialized files now loaded: 0)
System memory in use before: 111.6 MB.
System memory in use after: 111.8 MB.

Unloading 42 unused Assets to reduce memory usage. Loaded Objects now: 3579.
Total: 2.035900 ms (FindLiveObjects: 0.229400 ms CreateObjectMapping: 0.128700 ms MarkObjects: 1.625900 ms  DeleteObjects: 0.051100 ms)

AssetImportParameters requested are different than current active one (requested -> active):
  custom:graphics/normal-map-encoding: 01000000000000000000000000000000 -> 02000000000000000000000000000000
========================================================================
Received Prepare
Registering precompiled user dll's ...
Registered in 0.005687 seconds.
Begin MonoManager ReloadAssembly
Native extension for WindowsStandalone target not found
Refreshing native plugins compatible for Editor in 0.72 ms, found 4 plugins.
Preloading 2 native plugins for Editor in 0.05 ms.
System.NullReferenceException: Object reference not set to an instance of an object
  at Vuforia.EditorClasses.ExtensionTypeProvider.GetVuforiaPackageAbsPath () [0x0004a] in <67f168408fbf4fce9c04342c093e9fe7>:0 
  at Vuforia.EditorClasses.ExtensionTypeProvider.IsPackageManager () [0x00000] in <67f168408fbf4fce9c04342c093e9fe7>:0 
  at Vuforia.EditorClasses.ExtensionTypeProvider.ResolvePluginType () [0x00009] in <67f168408fbf4fce9c04342c093e9fe7>:0 
  at Vuforia.EditorClasses.ExtensionTypeProvider.GetPluginType () [0x0000c] in <67f168408fbf4fce9c04342c093e9fe7>:0 
  at Vuforia.EditorClasses.VuforiaUtilities.IsVuforiaEnabledInPlayerSettings () [0x00000] in <67f168408fbf4fce9c04342c093e9fe7>:0 
  at VuforiaEnabledObserver..cctor () [0x00000] in <67f168408fbf4fce9c04342c093e9fe7>:0 
UnityEngine.StackTraceUtility:ExtractStackTrace ()
UnityEngine.DebugLogHandler:LogFormat (UnityEngine.LogType,UnityEngine.Object,string,object[])
UnityEngine.Logger:Log (UnityEngine.LogType,object)
UnityEngine.Debug:LogError (object)
UnityEditor.EditorAssemblies:ProcessInitializeOnLoadAttributes (System.Type[])

System.NullReferenceException: Object reference not set to an instance of an object
  at Vuforia.EditorClasses.ExtensionTypeProvider.GetVuforiaPackageAbsPath () [0x0004a] in <67f168408fbf4fce9c04342c093e9fe7>:0 
  at Vuforia.EditorClasses.ExtensionTypeProvider.IsPackageManager () [0x00000] in <67f168408fbf4fce9c04342c093e9fe7>:0 
  at Vuforia.EditorClasses.ExtensionTypeProvider.ResolvePluginType () [0x00009] in <67f168408fbf4fce9c04342c093e9fe7>:0 
  at Vuforia.EditorClasses.ExtensionTypeProvider.GetPluginType () [0x0000c] in <67f168408fbf4fce9c04342c093e9fe7>:0 
  at Vuforia.EditorClasses.VuforiaUtilities.IsVuforiaEnabledInPlayerSettings () [0x00000] in <67f168408fbf4fce9c04342c093e9fe7>:0 
  at Vuforia.EditorClasses.InitializeOnLoadVuforiaTaskRunner..cctor () [0x00015] in <67f168408fbf4fce9c04342c093e9fe7>:0 
UnityEngine.StackTraceUtility:ExtractStackTrace ()
UnityEngine.DebugLogHandler:LogFormat (UnityEngine.LogType,UnityEngine.Object,string,object[])
UnityEngine.Logger:Log (UnityEngine.LogType,object)
UnityEngine.Debug:LogError (object)
UnityEditor.EditorAssemblies:ProcessInitializeOnLoadAttributes (System.Type[])

Mono: successfully reloaded assembly
- Completed reload, in  0.859 seconds
Platform modules already initialized, skipping
Switching build target platform(19) subTarget(0) extendedPlatform(0) -> platform(13) subTarget(537395200) extendedPlatform(0)
Refreshing native plugins compatible for Editor in 1.03 ms, found 4 plugins.
Preloading 2 native plugins for Editor in 0.08 ms.
Unloading 2798 Unused Serialized files (Serialized files now loaded: 0)
System memory in use before: 111.6 MB.
System memory in use after: 111.8 MB.

Unloading 41 unused Assets to reduce memory usage. Loaded Objects now: 3582.
Total: 2.334800 ms (FindLiveObjects: 0.323600 ms CreateObjectMapping: 0.169800 ms MarkObjects: 1.776700 ms  DeleteObjects: 0.063300 ms)

AssetImportParameters requested are different than current active one (requested -> active):
  custom:graphics/normal-map-encoding: 01000000000000000000000000000000 -> 02000000000000000000000000000000
========================================================================
Received Prepare
Registering precompiled user dll's ...
Registered in 0.006559 seconds.
Begin MonoManager ReloadAssembly
Native extension for WindowsStandalone target not found
Refreshing native plugins compatible for Editor in 1.22 ms, found 4 plugins.
Preloading 2 native plugins for Editor in 0.09 ms.
System.NullReferenceException: Object reference not set to an instance of an object
  at Vuforia.EditorClasses.ExtensionTypeProvider.GetVuforiaPackageAbsPath () [0x0004a] in <67f168408fbf4fce9c04342c093e9fe7>:0 
  at Vuforia.EditorClasses.ExtensionTypeProvider.IsPackageManager () [0x00000] in <67f168408fbf4fce9c04342c093e9fe7>:0 
  at Vuforia.EditorClasses.ExtensionTypeProvider.ResolvePluginType () [0x00009] in <67f168408fbf4fce9c04342c093e9fe7>:0 
  at Vuforia.EditorClasses.ExtensionTypeProvider.GetPluginType () [0x0000c] in <67f168408fbf4fce9c04342c093e9fe7>:0 
  at Vuforia.EditorClasses.VuforiaUtilities.IsVuforiaEnabledInPlayerSettings () [0x00000] in <67f168408fbf4fce9c04342c093e9fe7>:0 
  at VuforiaEnabledObserver..cctor () [0x00000] in <67f168408fbf4fce9c04342c093e9fe7>:0 
UnityEngine.StackTraceUtility:ExtractStackTrace ()
UnityEngine.DebugLogHandler:LogFormat (UnityEngine.LogType,UnityEngine.Object,string,object[])
UnityEngine.Logger:Log (UnityEngine.LogType,object)
UnityEngine.Debug:LogError (object)
UnityEditor.EditorAssemblies:ProcessInitializeOnLoadAttributes (System.Type[])

System.NullReferenceException: Object reference not set to an instance of an object
  at Vuforia.EditorClasses.ExtensionTypeProvider.GetVuforiaPackageAbsPath () [0x0004a] in <67f168408fbf4fce9c04342c093e9fe7>:0 
  at Vuforia.EditorClasses.ExtensionTypeProvider.IsPackageManager () [0x00000] in <67f168408fbf4fce9c04342c093e9fe7>:0 
  at Vuforia.EditorClasses.ExtensionTypeProvider.ResolvePluginType () [0x00009] in <67f168408fbf4fce9c04342c093e9fe7>:0 
  at Vuforia.EditorClasses.ExtensionTypeProvider.GetPluginType () [0x0000c] in <67f168408fbf4fce9c04342c093e9fe7>:0 
  at Vuforia.EditorClasses.VuforiaUtilities.IsVuforiaEnabledInPlayerSettings () [0x00000] in <67f168408fbf4fce9c04342c093e9fe7>:0 
  at Vuforia.EditorClasses.InitializeOnLoadVuforiaTaskRunner..cctor () [0x00015] in <67f168408fbf4fce9c04342c093e9fe7>:0 
UnityEngine.StackTraceUtility:ExtractStackTrace ()
UnityEngine.DebugLogHandler:LogFormat (UnityEngine.LogType,UnityEngine.Object,string,object[])
UnityEngine.Logger:Log (UnityEngine.LogType,object)
UnityEngine.Debug:LogError (object)
UnityEditor.EditorAssemblies:ProcessInitializeOnLoadAttributes (System.Type[])

Mono: successfully reloaded assembly
- Completed reload, in  0.990 seconds
Platform modules already initialized, skipping
Switching build target platform(19) subTarget(0) extendedPlatform(0) -> platform(13) subTarget(537395200) extendedPlatform(0)
Refreshing native plugins compatible for Editor in 1.23 ms, found 4 plugins.
Preloading 2 native plugins for Editor in 0.07 ms.
Unloading 2798 Unused Serialized files (Serialized files now loaded: 0)
System memory in use before: 111.6 MB.
System memory in use after: 111.8 MB.

Unloading 41 unused Assets to reduce memory usage. Loaded Objects now: 3585.
Total: 2.305000 ms (FindLiveObjects: 0.257700 ms CreateObjectMapping: 0.160400 ms MarkObjects: 1.836100 ms  DeleteObjects: 0.049800 ms)

AssetImportParameters requested are different than current active one (requested -> active):
  custom:graphics/normal-map-encoding: 01000000000000000000000000000000 -> 02000000000000000000000000000000
========================================================================
Received Prepare
Registering precompiled user dll's ...
Registered in 0.006012 seconds.
Begin MonoManager ReloadAssembly
Native extension for WindowsStandalone target not found
Refreshing native plugins compatible for Editor in 0.79 ms, found 4 plugins.
Preloading 2 native plugins for Editor in 0.07 ms.
System.NullReferenceException: Object reference not set to an instance of an object
  at Vuforia.EditorClasses.ExtensionTypeProvider.GetVuforiaPackageAbsPath () [0x0004a] in <67f168408fbf4fce9c04342c093e9fe7>:0 
  at Vuforia.EditorClasses.ExtensionTypeProvider.IsPackageManager () [0x00000] in <67f168408fbf4fce9c04342c093e9fe7>:0 
  at Vuforia.EditorClasses.ExtensionTypeProvider.ResolvePluginType () [0x00009] in <67f168408fbf4fce9c04342c093e9fe7>:0 
  at Vuforia.EditorClasses.ExtensionTypeProvider.GetPluginType () [0x0000c] in <67f168408fbf4fce9c04342c093e9fe7>:0 
  at Vuforia.EditorClasses.VuforiaUtilities.IsVuforiaEnabledInPlayerSettings () [0x00000] in <67f168408fbf4fce9c04342c093e9fe7>:0 
  at VuforiaEnabledObserver..cctor () [0x00000] in <67f168408fbf4fce9c04342c093e9fe7>:0 
UnityEngine.StackTraceUtility:ExtractStackTrace ()
UnityEngine.DebugLogHandler:LogFormat (UnityEngine.LogType,UnityEngine.Object,string,object[])
UnityEngine.Logger:Log (UnityEngine.LogType,object)
UnityEngine.Debug:LogError (object)
UnityEditor.EditorAssemblies:ProcessInitializeOnLoadAttributes (System.Type[])

System.NullReferenceException: Object reference not set to an instance of an object
  at Vuforia.EditorClasses.ExtensionTypeProvider.GetVuforiaPackageAbsPath () [0x0004a] in <67f168408fbf4fce9c04342c093e9fe7>:0 
  at Vuforia.EditorClasses.ExtensionTypeProvider.IsPackageManager () [0x00000] in <67f168408fbf4fce9c04342c093e9fe7>:0 
  at Vuforia.EditorClasses.ExtensionTypeProvider.ResolvePluginType () [0x00009] in <67f168408fbf4fce9c04342c093e9fe7>:0 
  at Vuforia.EditorClasses.ExtensionTypeProvider.GetPluginType () [0x0000c] in <67f168408fbf4fce9c04342c093e9fe7>:0 
  at Vuforia.EditorClasses.VuforiaUtilities.IsVuforiaEnabledInPlayerSettings () [0x00000] in <67f168408fbf4fce9c04342c093e9fe7>:0 
  at Vuforia.EditorClasses.InitializeOnLoadVuforiaTaskRunner..cctor () [0x00015] in <67f168408fbf4fce9c04342c093e9fe7>:0 
UnityEngine.StackTraceUtility:ExtractStackTrace ()
UnityEngine.DebugLogHandler:LogFormat (UnityEngine.LogType,UnityEngine.Object,string,object[])
UnityEngine.Logger:Log (UnityEngine.LogType,object)
UnityEngine.Debug:LogError (object)
UnityEditor.EditorAssemblies:ProcessInitializeOnLoadAttributes (System.Type[])

Mono: successfully reloaded assembly
- Completed reload, in  0.969 seconds
Platform modules already initialized, skipping
Switching build target platform(19) subTarget(0) extendedPlatform(0) -> platform(13) subTarget(537395200) extendedPlatform(0)
Refreshing native plugins compatible for Editor in 0.79 ms, found 4 plugins.
Preloading 2 native plugins for Editor in 0.05 ms.
Unloading 2798 Unused Serialized files (Serialized files now loaded: 0)
System memory in use before: 111.7 MB.
System memory in use after: 111.8 MB.

Unloading 41 unused Assets to reduce memory usage. Loaded Objects now: 3588.
Total: 2.188900 ms (FindLiveObjects: 0.270200 ms CreateObjectMapping: 0.170100 ms MarkObjects: 1.695800 ms  DeleteObjects: 0.051900 ms)

AssetImportParameters requested are different than current active one (requested -> active):
  custom:graphics/normal-map-encoding: 01000000000000000000000000000000 -> 02000000000000000000000000000000
AssetImportWorkerClient::OnTransportError - code=2 error=End of file
